2020-11-21 18:20:32.398  INFO 6856 --- [main] c.s.p.W5Lev2RestMongoProductApplication  : Starting W5Lev2RestMongoProductApplication using Java 11.0.9 on soumyaranjan-Pc with PID 6856 (/home/soumyaranjan/soumya/Springboot workspace/w5_lev2_rest_mongo_product/target/classes started by soumyaranjan in /home/soumyaranjan/soumya/Springboot workspace/w5_lev2_rest_mongo_product)
2020-11-21 18:20:32.402  INFO 6856 --- [main] c.s.p.W5Lev2RestMongoProductApplication  : No active profile set, falling back to default profiles: default
2020-11-21 18:20:33.275  INFO 6856 --- [main] .s.d.r.c.RepositoryConfigurationDelegate : Bootstrapping Spring Data MongoDB repositories in DEFAULT mode.
2020-11-21 18:20:33.343  INFO 6856 --- [main] .s.d.r.c.RepositoryConfigurationDelegate : Finished Spring Data repository scanning in 62 ms. Found 1 MongoDB repository interfaces.
2020-11-21 18:20:33.854  INFO 6856 --- [main] o.s.b.w.embedded.tomcat.TomcatWebServer  : Tomcat initialized with port(s): 9091 (http)
2020-11-21 18:20:33.864  INFO 6856 --- [main] o.apache.catalina.core.StandardService   : Starting service [Tomcat]
2020-11-21 18:20:33.865  INFO 6856 --- [main] org.apache.catalina.core.StandardEngine  : Starting Servlet engine: [Apache Tomcat/9.0.39]
2020-11-21 18:20:33.927  INFO 6856 --- [main] o.a.c.c.C.[Tomcat].[localhost].[/]       : Initializing Spring embedded WebApplicationContext
2020-11-21 18:20:33.928  INFO 6856 --- [main] w.s.c.ServletWebServerApplicationContext : Root WebApplicationContext: initialization completed in 1447 ms
2020-11-21 18:20:34.086  INFO 6856 --- [main] org.mongodb.driver.cluster               : Cluster created with settings {hosts=[localhost:27017], mode=SINGLE, requiredClusterType=UNKNOWN, serverSelectionTimeout='30000 ms'}
2020-11-21 18:20:34.171  INFO 6856 --- [cluster-ClusterId{value='5fb9a0c272d2421e6dc19cfc', description='null'}-localhost:27017] org.mongodb.driver.connection            : Opened connection [connectionId{localValue:2, serverValue:25}] to localhost:27017
2020-11-21 18:20:34.171  INFO 6856 --- [cluster-rtt-ClusterId{value='5fb9a0c272d2421e6dc19cfc', description='null'}-localhost:27017] org.mongodb.driver.connection            : Opened connection [connectionId{localValue:1, serverValue:26}] to localhost:27017
2020-11-21 18:20:34.176  INFO 6856 --- [cluster-ClusterId{value='5fb9a0c272d2421e6dc19cfc', description='null'}-localhost:27017] org.mongodb.driver.cluster               : Monitor thread successfully connected to server with description ServerDescription{address=localhost:27017, type=STANDALONE, state=CONNECTED, ok=true, minWireVersion=0, maxWireVersion=9, maxDocumentSize=16777216, logicalSessionTimeoutMinutes=30, roundTripTimeNanos=28116925}
2020-11-21 18:20:34.615  INFO 6856 --- [main] o.s.s.concurrent.ThreadPoolTaskExecutor  : Initializing ExecutorService 'applicationTaskExecutor'
2020-11-21 18:20:34.801  WARN 6856 --- [main] ConfigServletWebServerApplicationContext : Exception encountered during context initialization - cancelling refresh attempt: org.springframework.context.ApplicationContextException: Failed to start bean 'webServerStartStop'; nested exception is org.springframework.boot.web.server.PortInUseException: Port 9091 is already in use
2020-11-21 18:20:34.803  INFO 6856 --- [main] o.s.s.concurrent.ThreadPoolTaskExecutor  : Shutting down ExecutorService 'applicationTaskExecutor'
2020-11-21 18:20:34.811  INFO 6856 --- [main] o.apache.catalina.core.StandardService   : Stopping service [Tomcat]
2020-11-21 18:20:34.840  INFO 6856 --- [main] ConditionEvaluationReportLoggingListener : 

Error starting ApplicationContext. To display the conditions report re-run your application with 'debug' enabled.
2020-11-21 18:20:34.856 ERROR 6856 --- [main] o.s.b.d.LoggingFailureAnalysisReporter   : 

***************************
APPLICATION FAILED TO START
***************************

Description:

Web server failed to start. Port 9091 was already in use.

Action:

Identify and stop the process that's listening on port 9091 or configure this application to listen on another port.

2020-11-21 18:21:23.086  INFO 6924 --- [main] c.s.p.W5Lev2RestMongoProductApplication  : Starting W5Lev2RestMongoProductApplication using Java 11.0.9 on soumyaranjan-Pc with PID 6924 (/home/soumyaranjan/soumya/Springboot workspace/w5_lev2_rest_mongo_product/target/classes started by soumyaranjan in /home/soumyaranjan/soumya/Springboot workspace/w5_lev2_rest_mongo_product)
2020-11-21 18:21:23.096  INFO 6924 --- [main] c.s.p.W5Lev2RestMongoProductApplication  : No active profile set, falling back to default profiles: default
2020-11-21 18:21:23.972  INFO 6924 --- [main] .s.d.r.c.RepositoryConfigurationDelegate : Bootstrapping Spring Data MongoDB repositories in DEFAULT mode.
2020-11-21 18:21:24.035  INFO 6924 --- [main] .s.d.r.c.RepositoryConfigurationDelegate : Finished Spring Data repository scanning in 58 ms. Found 1 MongoDB repository interfaces.
2020-11-21 18:21:24.522  INFO 6924 --- [main] o.s.b.w.embedded.tomcat.TomcatWebServer  : Tomcat initialized with port(s): 9091 (http)
2020-11-21 18:21:24.532  INFO 6924 --- [main] o.apache.catalina.core.StandardService   : Starting service [Tomcat]
2020-11-21 18:21:24.533  INFO 6924 --- [main] org.apache.catalina.core.StandardEngine  : Starting Servlet engine: [Apache Tomcat/9.0.39]
2020-11-21 18:21:24.600  INFO 6924 --- [main] o.a.c.c.C.[Tomcat].[localhost].[/]       : Initializing Spring embedded WebApplicationContext
2020-11-21 18:21:24.601  INFO 6924 --- [main] w.s.c.ServletWebServerApplicationContext : Root WebApplicationContext: initialization completed in 1436 ms
2020-11-21 18:21:24.739  INFO 6924 --- [main] org.mongodb.driver.cluster               : Cluster created with settings {hosts=[localhost:27017], mode=SINGLE, requiredClusterType=UNKNOWN, serverSelectionTimeout='30000 ms'}
2020-11-21 18:21:24.792  INFO 6924 --- [cluster-ClusterId{value='5fb9a0f469d48e35863211a7', description='null'}-localhost:27017] org.mongodb.driver.connection            : Opened connection [connectionId{localValue:2, serverValue:27}] to localhost:27017
2020-11-21 18:21:24.792  INFO 6924 --- [cluster-rtt-ClusterId{value='5fb9a0f469d48e35863211a7', description='null'}-localhost:27017] org.mongodb.driver.connection            : Opened connection [connectionId{localValue:1, serverValue:28}] to localhost:27017
2020-11-21 18:21:24.795  INFO 6924 --- [cluster-ClusterId{value='5fb9a0f469d48e35863211a7', description='null'}-localhost:27017] org.mongodb.driver.cluster               : Monitor thread successfully connected to server with description ServerDescription{address=localhost:27017, type=STANDALONE, state=CONNECTED, ok=true, minWireVersion=0, maxWireVersion=9, maxDocumentSize=16777216, logicalSessionTimeoutMinutes=30, roundTripTimeNanos=17929563}
2020-11-21 18:21:25.194  INFO 6924 --- [main] o.s.s.concurrent.ThreadPoolTaskExecutor  : Initializing ExecutorService 'applicationTaskExecutor'
2020-11-21 18:21:25.375  INFO 6924 --- [main] o.s.b.w.embedded.tomcat.TomcatWebServer  : Tomcat started on port(s): 9091 (http) with context path ''
2020-11-21 18:21:25.399  INFO 6924 --- [main] c.s.p.W5Lev2RestMongoProductApplication  : Started W5Lev2RestMongoProductApplication in 2.732 seconds (JVM running for 3.633)
2020-11-21 18:24:20.421  INFO 6924 --- [http-nio-9091-exec-2] o.a.c.c.C.[Tomcat].[localhost].[/]       : Initializing Spring DispatcherServlet 'dispatcherServlet'
2020-11-21 18:24:20.421  INFO 6924 --- [http-nio-9091-exec-2] o.s.web.servlet.DispatcherServlet        : Initializing Servlet 'dispatcherServlet'
2020-11-21 18:24:20.423  INFO 6924 --- [http-nio-9091-exec-2] o.s.web.servlet.DispatcherServlet        : Completed initialization in 1 ms
2020-11-21 18:24:20.485 DEBUG 6924 --- [http-nio-9091-exec-2] o.s.data.mongodb.core.MongoTemplate      : find using query: {} fields: Document{{}} for class: class com.symentix.product.dto.Product in collection: product
2020-11-21 18:24:20.520  INFO 6924 --- [http-nio-9091-exec-2] org.mongodb.driver.connection            : Opened connection [connectionId{localValue:3, serverValue:29}] to localhost:27017
2020-11-21 18:27:55.977 DEBUG 6924 --- [http-nio-9091-exec-5] o.s.data.mongodb.core.MongoTemplate      : Saving Document containing fields: [_id, productName, productPrice, _class]
2020-11-21 18:28:05.848 DEBUG 6924 --- [http-nio-9091-exec-6] o.s.data.mongodb.core.MongoTemplate      : find using query: {} fields: Document{{}} for class: class com.symentix.product.dto.Product in collection: product
2020-11-21 18:31:56.730  INFO 6924 --- [RMI TCP Connection(2)-127.0.0.1] inMXBeanRegistrar$SpringApplicationAdmin : Application shutdown requested.
2020-11-21 18:31:56.805  INFO 6924 --- [RMI TCP Connection(2)-127.0.0.1] o.s.s.concurrent.ThreadPoolTaskExecutor  : Shutting down ExecutorService 'applicationTaskExecutor'
2020-11-21 18:31:56.811  INFO 6924 --- [RMI TCP Connection(2)-127.0.0.1] org.mongodb.driver.connection            : Closed connection [connectionId{localValue:3, serverValue:29}] to localhost:27017 because the pool has been closed.
